<?xml version="1.0" encoding="UTF-8" standalone="no"?><testsuite errors="1" failures="0" name="Crear empleado en api" skipped="0" tests="1" time="2.45" timestamp="2023-05-12 12:13:49"><testcase name="Crear empleado para verificar respuesta api"><error message="No X509TrustManager implementation available" type="java.security.cert.CertificateException">No X509TrustManager implementation available</error><system-err>No X509TrustManager implementation available
org.apache.http.conn.ssl.SSLSocketFactory.createLayeredSocket(SSLSocketFactory.java:570)
org.apache.http.conn.ssl.SSLSocketFactory.connectSocket(SSLSocketFactory.java:554)
org.apache.http.conn.ssl.SSLSocketFactory.connectSocket(SSLSocketFactory.java:415)
org.apache.http.impl.conn.DefaultClientConnectionOperator.openConnection(DefaultClientConnectionOperator.java:180)
org.apache.http.impl.conn.ManagedClientConnectionImpl.open(ManagedClientConnectionImpl.java:326)
org.apache.http.impl.client.DefaultRequestDirector.tryConnect(DefaultRequestDirector.java:605)
org.apache.http.impl.client.DefaultRequestDirector.execute(DefaultRequestDirector.java:440)
org.apache.http.impl.client.AbstractHttpClient.doExecute(AbstractHttpClient.java:835)
org.apache.http.impl.client.CloseableHttpClient.execute(CloseableHttpClient.java:83)
io.restassured.internal.RestAssuredHttpBuilder.doRequest(RestAssuredHttpBuilder.java:141)
io.restassured.internal.http.HTTPBuilder.post(HTTPBuilder.java:349)
io.restassured.internal.RequestSpecificationImpl.sendRequest(RequestSpecificationImpl.groovy:1209)
io.restassured.internal.RequestSpecificationImpl.this$2$sendRequest(RequestSpecificationImpl.groovy)
groovy.lang.MetaMethod.doMethodInvoke(MetaMethod.java:328)
groovy.lang.MetaClassImpl.doInvokeMethod(MetaClassImpl.java:1348)
groovy.lang.MetaClassImpl.invokeMethod(MetaClassImpl.java:1103)
groovy.lang.MetaClassImpl.invokeMethod(MetaClassImpl.java:1009)
groovy.lang.MetaClassImpl.invokeMethod(MetaClassImpl.java:792)
io.restassured.internal.RequestSpecificationImpl.invokeMethod(RequestSpecificationImpl.groovy)
io.restassured.internal.filter.SendRequestFilter.filter(SendRequestFilter.groovy:30)
io.restassured.internal.filter.FilterContextImpl.next(FilterContextImpl.groovy:72)
io.restassured.filter.time.TimingFilter.filter(TimingFilter.java:56)
io.restassured.internal.filter.FilterContextImpl.next(FilterContextImpl.groovy:72)
io.restassured.internal.filter.CsrfFilter.filter(CsrfFilter.groovy:72)
io.restassured.internal.filter.FilterContextImpl.next(FilterContextImpl.groovy:72)
io.restassured.internal.RequestSpecificationImpl.applyPathParamsAndSendRequest(RequestSpecificationImpl.groovy:1704)
io.restassured.internal.RequestSpecificationImpl.this$2$applyPathParamsAndSendRequest(RequestSpecificationImpl.groovy)
groovy.lang.MetaMethod.doMethodInvoke(MetaMethod.java:328)
groovy.lang.MetaClassImpl.doInvokeMethod(MetaClassImpl.java:1348)
groovy.lang.MetaClassImpl.invokeMethod(MetaClassImpl.java:1103)
groovy.lang.MetaClassImpl.invokeMethod(MetaClassImpl.java:1009)
groovy.lang.MetaClassImpl.invokeMethod(MetaClassImpl.java:792)
io.restassured.internal.RequestSpecificationImpl.invokeMethod(RequestSpecificationImpl.groovy)
io.restassured.internal.RequestSpecificationImpl.applyPathParamsAndSendRequest(RequestSpecificationImpl.groovy:1710)
io.restassured.internal.RequestSpecificationImpl.this$2$applyPathParamsAndSendRequest(RequestSpecificationImpl.groovy)
groovy.lang.MetaMethod.doMethodInvoke(MetaMethod.java:328)
groovy.lang.MetaClassImpl.doInvokeMethod(MetaClassImpl.java:1348)
groovy.lang.MetaClassImpl.invokeMethod(MetaClassImpl.java:1103)
groovy.lang.MetaClassImpl.invokeMethod(MetaClassImpl.java:1009)
groovy.lang.MetaClassImpl.invokeMethod(MetaClassImpl.java:792)
io.restassured.internal.RequestSpecificationImpl.invokeMethod(RequestSpecificationImpl.groovy)
io.restassured.internal.RequestSpecificationImpl.post(RequestSpecificationImpl.groovy:176)
io.restassured.internal.RequestSpecificationImpl.post(RequestSpecificationImpl.groovy)
com.productoscredito.utils.Task.PostCrearEmpleado.postEmpleado(PostCrearEmpleado.java:27)
com.productoscredito.stepDefinitions.CrearEmpleadoStep.se_crea_el_empleado(CrearEmpleadoStep.java:20)
io.cucumber.java.Invoker.doInvoke(Invoker.java:66)
io.cucumber.java.Invoker.invoke(Invoker.java:24)
io.cucumber.java.AbstractGlueDefinition.invokeMethod(AbstractGlueDefinition.java:47)
io.cucumber.java.JavaStepDefinition.execute(JavaStepDefinition.java:29)
io.cucumber.core.runner.CoreStepDefinition.execute(CoreStepDefinition.java:66)
io.cucumber.core.runner.PickleStepDefinitionMatch.runStep(PickleStepDefinitionMatch.java:63)
io.cucumber.core.runner.TestStep.executeStep(TestStep.java:84)
io.cucumber.core.runner.TestStep.run(TestStep.java:56)
io.cucumber.core.runner.PickleStepTestStep.run(PickleStepTestStep.java:51)
io.cucumber.core.runner.TestCase.run(TestCase.java:84)
io.cucumber.core.runner.Runner.runPickle(Runner.java:75)
io.cucumber.core.runtime.CucumberExecutionContext.lambda$runTestCase$5(CucumberExecutionContext.java:130)
io.cucumber.core.runtime.RethrowingThrowableCollector.executeAndThrow(RethrowingThrowableCollector.java:23)
io.cucumber.core.runtime.CucumberExecutionContext.runTestCase(CucumberExecutionContext.java:130)
io.cucumber.junit.FeatureRunner.runChild(FeatureRunner.java:144)
io.cucumber.junit.FeatureRunner.runChild(FeatureRunner.java:28)
io.cucumber.junit.FeatureRunner.run(FeatureRunner.java:137)
io.cucumber.junit.CucumberSerenityRunner.runChild(CucumberSerenityRunner.java:259)
io.cucumber.junit.CucumberSerenityRunner.runChild(CucumberSerenityRunner.java:59)
worker.org.gradle.process.internal.worker.GradleWorkerMain.run(GradleWorkerMain.java:69)
worker.org.gradle.process.internal.worker.GradleWorkerMain.main(GradleWorkerMain.java:74)
</system-err></testcase></testsuite>