<?xml version="1.0" encoding="UTF-8" standalone="no"?><testsuite errors="1" failures="0" name="Mostrar empleados generados de la api" skipped="0" tests="1" time="0.79" timestamp="2023-05-12 12:13:53"><testcase name="Mostrar empleados de la api"><error message="Lexing failed on line: 1, column: 1, while reading '&lt;', no possible valid JSON value or punctuation could be recognized." type="groovy.json.JsonException">Lexing failed on line: 1, column: 1, while reading '&lt;', no possible valid JSON value or punctuation could be recognized.</error><system-err>Lexing failed on line: 1, column: 1, while reading '&lt;', no possible valid JSON value or punctuation could be recognized.
groovy.json.JsonLexer.nextToken(JsonLexer.java:86)
io.restassured.internal.path.json.ConfigurableJsonSlurper.parse(ConfigurableJsonSlurper.groovy:97)
io.restassured.internal.path.json.ConfigurableJsonSlurper.parseText(ConfigurableJsonSlurper.groovy:83)
io.restassured.path.json.JsonPath.toJsonString(JsonPath.java:1064)
io.restassured.path.json.JsonPath.prettify(JsonPath.java:685)
com.productoscredito.utils.Task.GetMostrarEmpleados.getmostrarEmpleados(GetMostrarEmpleados.java:27)
com.productoscredito.stepDefinitions.MostrarEmpleadosStep.se_envia_peticion_para_traer_archivo_json_con_todos_los_empleados(MostrarEmpleadosStep.java:20)
io.cucumber.java.Invoker.doInvoke(Invoker.java:66)
io.cucumber.java.Invoker.invoke(Invoker.java:24)
io.cucumber.java.AbstractGlueDefinition.invokeMethod(AbstractGlueDefinition.java:47)
io.cucumber.java.JavaStepDefinition.execute(JavaStepDefinition.java:29)
io.cucumber.core.runner.CoreStepDefinition.execute(CoreStepDefinition.java:66)
io.cucumber.core.runner.PickleStepDefinitionMatch.runStep(PickleStepDefinitionMatch.java:63)
io.cucumber.core.runner.TestStep.executeStep(TestStep.java:84)
io.cucumber.core.runner.TestStep.run(TestStep.java:56)
io.cucumber.core.runner.PickleStepTestStep.run(PickleStepTestStep.java:51)
io.cucumber.core.runner.TestCase.run(TestCase.java:84)
io.cucumber.core.runner.Runner.runPickle(Runner.java:75)
io.cucumber.core.runtime.CucumberExecutionContext.lambda$runTestCase$5(CucumberExecutionContext.java:130)
io.cucumber.core.runtime.RethrowingThrowableCollector.executeAndThrow(RethrowingThrowableCollector.java:23)
io.cucumber.core.runtime.CucumberExecutionContext.runTestCase(CucumberExecutionContext.java:130)
io.cucumber.junit.FeatureRunner.runChild(FeatureRunner.java:144)
io.cucumber.junit.FeatureRunner.runChild(FeatureRunner.java:28)
io.cucumber.junit.FeatureRunner.run(FeatureRunner.java:137)
io.cucumber.junit.CucumberSerenityRunner.runChild(CucumberSerenityRunner.java:259)
io.cucumber.junit.CucumberSerenityRunner.runChild(CucumberSerenityRunner.java:59)
worker.org.gradle.process.internal.worker.GradleWorkerMain.run(GradleWorkerMain.java:69)
worker.org.gradle.process.internal.worker.GradleWorkerMain.main(GradleWorkerMain.java:74)
</system-err></testcase></testsuite>